0 silly argv {
0 silly argv   _: [ 'publish' ],
0 silly argv   composed: 'publish',
0 silly argv   lernaVersion: '6.1.0',
0 silly argv   '$0': '/Users/jp26710/Documents/GitHub/myorg/node_modules/.bin/lerna'
0 silly argv }
1 notice cli v6.1.0
2 verbose rootPath /Users/jp26710/Documents/GitHub/myorg
3 info versioning independent
4 verbose session fa047ba1891024a9
5 verbose user-agent lerna/6.1.0/node@v18.12.1+arm64 (darwin)
6 silly argv { _: [ 'publish' ], composed: 'publish', lernaVersion: '6.1.0' }
7 verbose rootPath /Users/jp26710/Documents/GitHub/myorg
8 silly isAnythingCommitted
9 verbose isAnythingCommitted 1
10 silly getCurrentBranch
11 verbose currentBranch main
12 silly remoteBranchExists
13 silly isBehindUpstream
14 silly isBehindUpstream main is behind origin/main by 0 commit(s) and ahead by 2
15 silly hasTags
16 verbose hasTags true
17 silly git-describe.sync "@myorg/utils@0.1.0-1-g12a70e8" => {"lastTagName":"@myorg/utils@0.1.0","lastVersion":"0.1.0","refCount":"1","sha":"12a70e8","isDirty":false}
18 info Looking for changed packages since @myorg/utils@0.1.0
19 silly checking diff libs/utils
20 silly found diff in libs/utils/src/lib/utils.ts
21 verbose filtered diff [ 'libs/utils/src/lib/utils.ts' ]
22 verbose updated @myorg/utils
23 verbose git-describe undefined => "@myorg/utils@0.1.0-1-g12a70e8"
24 silly git-describe parsed => {"lastTagName":"@myorg/utils@0.1.0","lastVersion":"0.1.0","refCount":"1","sha":"12a70e8","isDirty":false}
25 silly independent for @myorg/utils at /Users/jp26710/Documents/GitHub/myorg/libs/utils
26 verbose getChangelogConfig using preset "conventional-changelog-angular"
27 silly npa Result {
27 silly npa   type: 'tag',
27 silly npa   registry: true,
27 silly npa   where: undefined,
27 silly npa   raw: 'conventional-changelog-angular',
27 silly npa   name: 'conventional-changelog-angular',
27 silly npa   escapedName: 'conventional-changelog-angular',
27 silly npa   scope: undefined,
27 silly npa   rawSpec: '',
27 silly npa   saveSpec: null,
27 silly npa   fetchSpec: 'latest',
27 silly npa   gitRange: undefined,
27 silly npa   gitCommittish: undefined,
27 silly npa   hosted: undefined
27 silly npa }
28 verbose getChangelogConfig Attempting to resolve preset "conventional-changelog-angular"
29 info getChangelogConfig Successfully resolved preset "conventional-changelog-angular"
30 verbose independent increment 0.1.0 by minor
31 info auto-confirmed
32 info execute Skipping releases
33 silly lifecycle No script for "preversion" in "myorg", continuing
34 silly lifecycle No script for "preversion" in "@myorg/utils", continuing
35 verbose version @myorg/utils has no lockfile. Skipping lockfile update.
36 silly lifecycle No script for "version" in "@myorg/utils", continuing
37 silly independent for @myorg/utils at /Users/jp26710/Documents/GitHub/myorg/libs/utils
38 silly independent writing new entry: "# [0.2.0](https://github.com/jonsoku2/nx-publish-sample/compare/@myorg/utils@0.1.0...@myorg/utils@0.2.0) (2022-12-03)\n\n\n### Features\n\n* **utils:** jonsoku :) ([12a70e8](https://github.com/jonsoku2/nx-publish-sample/commit/12a70e8270ee15d954828815d4af7b6ef574208f))\n\n\n\n"
39 verbose independent wrote /Users/jp26710/Documents/GitHub/myorg/libs/utils/CHANGELOG.md
40 verbose version Updating root package-lock.json
41 silly lifecycle No script for "version" in "myorg", continuing
42 silly version Successfully applied prettier to updated file: libs/utils/package.json
43 silly version Successfully applied prettier to updated file: libs/utils/CHANGELOG.md
44 silly version Successfully applied prettier to updated file: package-lock.json
45 silly gitAdd [
45 silly gitAdd   'libs/utils/package.json',
45 silly gitAdd   'libs/utils/CHANGELOG.md',
45 silly gitAdd   'package-lock.json'
45 silly gitAdd ]
46 silly gitCommit chore(release): publish %v [skip travis]
46 silly gitCommit
46 silly gitCommit  - @myorg/utils@0.2.0
47 verbose git [
47 verbose git   'commit',
47 verbose git   '-F',
47 verbose git   '/private/var/folders/hf/bxbqhx0103g9vk986vc9gjs00000gq/T/0385870e-760e-453a-a44b-90a6595c37ae/lerna-commit.txt'
47 verbose git ]
48 silly gitTag @myorg/utils@0.2.0
49 verbose git [ 'tag', '@myorg/utils@0.2.0', '-m', '@myorg/utils@0.2.0' ]
50 silly lifecycle No script for "postversion" in "@myorg/utils", continuing
51 silly lifecycle "postversion" starting in "myorg"
52 info lifecycle myorg@0.0.0~postversion: myorg@0.0.0
53 silly lifecycle "postversion" finished in "myorg"
54 info git Pushing tags...
55 silly gitPush origin main
56 info publish Publishing packages to npm...
57 warn ENOLICENSE Package @myorg/utils is missing a license.
57 warn ENOLICENSE One way to fix this is to add a LICENSE.md file to the root of this repository.
57 warn ENOLICENSE See https://choosealicense.com for additional guidance.
58 silly getCurrentSHA
59 verbose getCurrentSHA 90b1979d1c897bf66fb7c882e15e48469bae48c4
60 silly lifecycle No script for "prepublish" in "myorg", continuing
61 silly lifecycle No script for "prepare" in "myorg", continuing
62 silly lifecycle No script for "prepublishOnly" in "myorg", continuing
63 silly lifecycle No script for "prepack" in "myorg", continuing
64 verbose pack-directory dist/libs/utils
65 silly lifecycle No script for "prepublish" in "@myorg/utils", continuing
66 silly lifecycle No script for "prepare" in "@myorg/utils", continuing
67 silly lifecycle No script for "prepublishOnly" in "@myorg/utils", continuing
68 silly lifecycle No script for "prepack" in "@myorg/utils", continuing
69 error
